Logging started 2023-01-10 01:07:17
     4.21 ms : Enabling low frag heap (0.23 ms)
     4.44 ms : Launching splash screen (2.89 ms)
     7.33 ms : Waiting for splash screen (9.13 ms)
    16.47 ms : Waiting for splash screen (9.00 ms)
    25.47 ms : Waiting for splash screen (9.01 ms)
    34.47 ms : Waiting for splash screen (7.96 ms)
    42.44 ms : Waiting for splash screen (8.95 ms)
    51.39 ms : Alloc other stuff (47.50 ms)
    98.89 ms : Loading amisci.dll (133.64 ms)
   232.53 ms : Setting up SEH translator (452.24 ms)
   684.77 ms : Initializing OLE (0.21 ms)
   684.99 ms : Initializing RichEdit (3.68 ms)
   688.66 ms : Checking current working directory (2.18 ms)
   690.84 ms : Loading persistent variables (3.75 ms)
   694.59 ms : Loading MRU lists (7.53 ms)
   702.12 ms : Loading commisison table (0.18 ms)
   702.30 ms : Loading preferences (19.46 ms)
   721.75 ms : Initializing display settings (1.52 ms)
   723.27 ms : Loading old groups and markets (30.16 ms)
   753.43 ms : Loading GICS and ICB (50.61 ms)
   804.04 ms : Loading plugins (0.73 ms)
   804.77 ms :  Loading 'C:\Program Files\AmiBroker\Plugins\CMAE.dll'  (54.12 ms)
   858.89 ms :  Loading 'C:\Program Files\AmiBroker\Plugins\DDE.dll'  (65.39 ms)
   924.28 ms :  Loading 'C:\Program Files\AmiBroker\Plugins\eSignal.dll' - failed. Error code: 14001: The application has failed to start because its side-by-side configuration is incorrect. Please see the application event log or use the command-line sxstrace.exe tool for more detail. (55.22 ms)
   979.50 ms :  Loading 'C:\Program Files\AmiBroker\Plugins\IB.dll'  (80.49 ms)
  1059.99 ms :  Loading 'C:\Program Files\AmiBroker\Plugins\IQFeed.dll'  (54.79 ms)
  1114.78 ms :  Loading 'C:\Program Files\AmiBroker\Plugins\MS.dll'  (2.46 ms)
  1117.24 ms :  Loading 'C:\Program Files\AmiBroker\Plugins\ODBC.dll'  (57.84 ms)
  1175.08 ms :  Loading 'C:\Program Files\AmiBroker\Plugins\ODBCA.dll'  (55.60 ms)
  1230.68 ms :  Loading 'C:\Program Files\AmiBroker\Plugins\PSOSample.dll'  (43.92 ms)
  1274.60 ms :  Loading 'C:\Program Files\AmiBroker\Plugins\Semar.dll'  (15.24 ms)
  1289.83 ms :  Loading 'C:\Program Files\AmiBroker\Plugins\Tribes.dll'  (49.87 ms)
  1339.71 ms :  Checking for any new non-certified plugins (0.30 ms)
  1340.01 ms :  Done. (0.08 ms)
  1340.08 ms : Loading AT interfaces (0.28 ms)
  1340.36 ms : Loading AFL function table (3.05 ms)
  1343.42 ms : Init chart infos (2.38 ms)
  1345.80 ms : Loading parameters (45.49 ms)
  1391.29 ms : Loading chart infos (27.92 ms)
  1419.21 ms : Loading custom tools (16.51 ms)
  1435.72 ms : Allocating lists (0.29 ms)
  1436.01 ms : Loading layers and alerts (27.12 ms)
  1463.13 ms : Loading miscellaneous data (0.11 ms)
  1463.24 ms : Adding MDI templates (4.93 ms)
  1468.17 ms : Register OLE server (8.62 ms)
  1476.79 ms : Creating main frame object (79.43 ms)
  1556.22 ms : Loading main frame (788.36 ms)
  2344.58 ms : Parsing command line (0.08 ms)
  2344.65 ms : Checking Broker.Document object registration (4.47 ms)
  2349.12 ms : Setting browser emulation to IE11 (0.20 ms)
  2349.32 ms : Dispatch commands via ProcessShellCommand (0.27 ms)
  2349.59 ms : Showing main frame window (429.77 ms)
  2779.36 ms : Setting up accelerators (23.30 ms)
  2802.65 ms : Loading database (LoadMarketData) (1650.29 ms)
  4452.94 ms : Setting active symbol (75.15 ms)
  4528.09 ms : Opening default chart (550.70 ms)
  5078.80 ms : Loading default workspace/layout (594.40 ms)
  5673.19 ms : Closing startup splash screen (async in 1 second) (17.48 ms)
  5690.67 ms : Starting up schedule (18.12 ms)
  5708.79 ms : *InitInstance finished